# JRE version: OpenJDK Runtime Environment (8.0_152-b06) (build 1.8.0_152-release-1136-b06)
# Java VM: OpenJDK 64-Bit Server VM (25.152-b06 mixed mode windows-amd64 compressed oops)
Heap:
 PSYoungGen      total 182272K, used 96239K [0x00000000e0000000, 0x00000000ecd00000, 0x0000000100000000)
  eden space 162304K, 59% used [0x00000000e0000000,0x00000000e5dfbe68,0x00000000e9e80000)
  from space 19968K, 0% used [0x00000000e9e80000,0x00000000e9e80000,0x00000000eb200000)
  to   space 15360K, 0% used [0x00000000eb200000,0x00000000eb200000,0x00000000ec100000)
 ParOldGen       total 201728K, used 46517K [0x00000000a0000000, 0x00000000ac500000, 0x00000000e0000000)
  object space 201728K, 23% used [0x00000000a0000000,0x00000000a2d6d7b8,0x00000000ac500000)
 Metaspace       used 58545K, capacity 61270K, committed 61464K, reserved 1101824K
  class space    used 7712K, capacity 8204K, committed 8216K, reserved 1048576K
GC Heap History (10 events):
Event: 8.263 GC heap before
{Heap before GC invocations=8 (full 2):
 PSYoungGen      total 99328K, used 88576K [0x00000000e0000000, 0x00000000e9080000, 0x0000000100000000)
  eden space 88576K, 100% used [0x00000000e0000000,0x00000000e5680000,0x00000000e5680000)
  from space 10752K, 0% used [0x00000000e5680000,0x00000000e5680000,0x00000000e6100000)
  to   space 14848K, 0% used [0x00000000e8200000,0x00000000e8200000,0x00000000e9080000)
 ParOldGen       total 201728K, used 17561K [0x00000000a0000000, 0x00000000ac500000, 0x00000000e0000000)
  object space 201728K, 8% used [0x00000000a0000000,0x00000000a1126700,0x00000000ac500000)
 Metaspace       used 40164K, capacity 41136K, committed 41472K, reserved 1085440K
  class space    used 5279K, capacity 5539K, committed 5632K, reserved 1048576K
Event: 8.271 GC heap after
Heap after GC invocations=8 (full 2):
 PSYoungGen      total 133120K, used 9258K [0x00000000e0000000, 0x00000000e9580000, 0x0000000100000000)
  eden space 118272K, 0% used [0x00000000e0000000,0x00000000e0000000,0x00000000e7380000)
  from space 14848K, 62% used [0x00000000e8200000,0x00000000e8b0aa28,0x00000000e9080000)
  to   space 14848K, 0% used [0x00000000e7380000,0x00000000e7380000,0x00000000e8200000)
 ParOldGen       total 201728K, used 17569K [0x00000000a0000000, 0x00000000ac500000, 0x00000000e0000000)
  object space 201728K, 8% used [0x00000000a0000000,0x00000000a1128700,0x00000000ac500000)
 Metaspace       used 40164K, capacity 41136K, committed 41472K, reserved 1085440K
  class space    used 5279K, capacity 5539K, committed 5632K, reserved 1048576K
}
Event: 9.214 GC heap before
{Heap before GC invocations=9 (full 2):
 PSYoungGen      total 133120K, used 127530K [0x00000000e0000000, 0x00000000e9580000, 0x0000000100000000)
  eden space 118272K, 100% used [0x00000000e0000000,0x00000000e7380000,0x00000000e7380000)
  from space 14848K, 62% used [0x00000000e8200000,0x00000000e8b0aa28,0x00000000e9080000)
  to   space 14848K, 0% used [0x00000000e7380000,0x00000000e7380000,0x00000000e8200000)
 ParOldGen       total 201728K, used 17569K [0x00000000a0000000, 0x00000000ac500000, 0x00000000e0000000)
  object space 201728K, 8% used [0x00000000a0000000,0x00000000a1128700,0x00000000ac500000)
 Metaspace       used 46631K, capacity 47786K, committed 48000K, reserved 1091584K
  class space    used 6102K, capacity 6435K, committed 6528K, reserved 1048576K
Event: 9.223 GC heap after
Heap after GC invocations=9 (full 2):
 PSYoungGen      total 133120K, used 12949K [0x00000000e0000000, 0x00000000ec100000, 0x0000000100000000)
  eden space 118272K, 0% used [0x00000000e0000000,0x00000000e0000000,0x00000000e7380000)
  from space 14848K, 87% used [0x00000000e7380000,0x00000000e8025618,0x00000000e8200000)
  to   space 15360K, 0% used [0x00000000eb200000,0x00000000eb200000,0x00000000ec100000)
 ParOldGen       total 201728K, used 17577K [0x00000000a0000000, 0x00000000ac500000, 0x00000000e0000000)
  object space 201728K, 8% used [0x00000000a0000000,0x00000000a112a700,0x00000000ac500000)
 Metaspace       used 46631K, capacity 47786K, committed 48000K, reserved 1091584K
  class space    used 6102K, capacity 6435K, committed 6528K, reserved 1048576K
}
Event: 10.520 GC heap before
{Heap before GC invocations=10 (full 2):
 PSYoungGen      total 133120K, used 131221K [0x00000000e0000000, 0x00000000ec100000, 0x0000000100000000)
  eden space 118272K, 100% used [0x00000000e0000000,0x00000000e7380000,0x00000000e7380000)
  from space 14848K, 87% used [0x00000000e7380000,0x00000000e8025618,0x00000000e8200000)
  to   space 15360K, 0% used [0x00000000eb200000,0x00000000eb200000,0x00000000ec100000)
 ParOldGen       total 201728K, used 17577K [0x00000000a0000000, 0x00000000ac500000, 0x00000000e0000000)
  object space 201728K, 8% used [0x00000000a0000000,0x00000000a112a700,0x00000000ac500000)
 Metaspace       used 54147K, capacity 56142K, committed 56320K, reserved 1097728K
  class space    used 7166K, capacity 7632K, committed 7680K, reserved 1048576K
Event: 10.535 GC heap after
Heap after GC invocations=10 (full 2):
 PSYoungGen      total 177664K, used 15331K [0x00000000e0000000, 0x00000000ecd00000, 0x0000000100000000)
  eden space 162304K, 0% used [0x00000000e0000000,0x00000000e0000000,0x00000000e9e80000)
  from space 15360K, 99% used [0x00000000eb200000,0x00000000ec0f8cc8,0x00000000ec100000)
  to   space 19968K, 0% used [0x00000000e9e80000,0x00000000e9e80000,0x00000000eb200000)
 ParOldGen       total 201728K, used 24388K [0x00000000a0000000, 0x00000000ac500000, 0x00000000e0000000)
  object space 201728K, 12% used [0x00000000a0000000,0x00000000a17d12b0,0x00000000ac500000)
 Metaspace       used 54147K, capacity 56142K, committed 56320K, reserved 1097728K
  class space    used 7166K, capacity 7632K, committed 7680K, reserved 1048576K
}
Event: 11.885 GC heap before
{Heap before GC invocations=11 (full 2):
 PSYoungGen      total 177664K, used 117786K [0x00000000e0000000, 0x00000000ecd00000, 0x0000000100000000)
  eden space 162304K, 63% used [0x00000000e0000000,0x00000000e640de00,0x00000000e9e80000)
  from space 15360K, 99% used [0x00000000eb200000,0x00000000ec0f8cc8,0x00000000ec100000)
  to   space 19968K, 0% used [0x00000000e9e80000,0x00000000e9e80000,0x00000000eb200000)
 ParOldGen       total 201728K, used 24388K [0x00000000a0000000, 0x00000000ac500000, 0x00000000e0000000)
  object space 201728K, 12% used [0x00000000a0000000,0x00000000a17d12b0,0x00000000ac500000)
 Metaspace       used 56705K, capacity 59114K, committed 59160K, reserved 1099776K
  class space    used 7446K, capacity 7947K, committed 7960K, reserved 1048576K
Event: 11.899 GC heap after
Heap after GC invocations=11 (full 2):
 PSYoungGen      total 182272K, used 19952K [0x00000000e0000000, 0x00000000ecd00000, 0x0000000100000000)
  eden space 162304K, 0% used [0x00000000e0000000,0x00000000e0000000,0x00000000e9e80000)
  from space 19968K, 99% used [0x00000000e9e80000,0x00000000eb1fc018,0x00000000eb200000)
  to   space 15360K, 0% used [0x00000000eb200000,0x00000000eb200000,0x00000000ec100000)
 ParOldGen       total 201728K, used 32667K [0x00000000a0000000, 0x00000000ac500000, 0x00000000e0000000)
  object space 201728K, 16% used [0x00000000a0000000,0x00000000a1fe6c80,0x00000000ac500000)
 Metaspace       used 56705K, capacity 59114K, committed 59160K, reserved 1099776K
  class space    used 7446K, capacity 7947K, committed 7960K, reserved 1048576K
}
Event: 11.899 GC heap before
{Heap before GC invocations=12 (full 3):
 PSYoungGen      total 182272K, used 19952K [0x00000000e0000000, 0x00000000ecd00000, 0x0000000100000000)
  eden space 162304K, 0% used [0x00000000e0000000,0x00000000e0000000,0x00000000e9e80000)
  from space 19968K, 99% used [0x00000000e9e80000,0x00000000eb1fc018,0x00000000eb200000)
  to   space 15360K, 0% used [0x00000000eb200000,0x00000000eb200000,0x00000000ec100000)
 ParOldGen       total 201728K, used 32667K [0x00000000a0000000, 0x00000000ac500000, 0x00000000e0000000)
  object space 201728K, 16% used [0x00000000a0000000,0x00000000a1fe6c80,0x00000000ac500000)
 Metaspace       used 56705K, capacity 59114K, committed 59160K, reserved 1099776K
  class space    used 7446K, capacity 7947K, committed 7960K, reserved 1048576K
Event: 12.069 GC heap after
Heap after GC invocations=12 (full 3):
 PSYoungGen      total 182272K, used 0K [0x00000000e0000000, 0x00000000ecd00000, 0x0000000100000000)
  eden space 162304K, 0% used [0x00000000e0000000,0x00000000e0000000,0x00000000e9e80000)
  from space 19968K, 0% used [0x00000000e9e80000,0x00000000e9e80000,0x00000000eb200000)
  to   space 15360K, 0% used [0x00000000eb200000,0x00000000eb200000,0x00000000ec100000)
 ParOldGen       total 201728K, used 46517K [0x00000000a0000000, 0x00000000ac500000, 0x00000000e0000000)
  object space 201728K, 23% used [0x00000000a0000000,0x00000000a2d6d7b8,0x00000000ac500000)
 Metaspace       used 56678K, capacity 59026K, committed 59160K, reserved 1099776K
  class space    used 7438K, capacity 7939K, committed 7960K, reserved 1048576K
}

