# JRE version: OpenJDK Runtime Environment (8.0_152-b06) (build 1.8.0_152-release-1136-b06)
# Java VM: OpenJDK 64-Bit Server VM (25.152-b06 mixed mode windows-amd64 compressed oops)
Heap:
 PSYoungGen      total 97280K, used 10387K [0x00000000e0000000, 0x00000000e9d00000, 0x0000000100000000)
  eden space 86528K, 12% used [0x00000000e0000000,0x00000000e0a24e98,0x00000000e5480000)
  from space 10752K, 0% used [0x00000000e5480000,0x00000000e5480000,0x00000000e5f00000)
  to   space 16384K, 0% used [0x00000000e8d00000,0x00000000e8d00000,0x00000000e9d00000)
 ParOldGen       total 124928K, used 19222K [0x00000000a0000000, 0x00000000a7a00000, 0x00000000e0000000)
  object space 124928K, 15% used [0x00000000a0000000,0x00000000a12c5a38,0x00000000a7a00000)
 Metaspace       used 35426K, capacity 36392K, committed 36864K, reserved 1081344K
  class space    used 4759K, capacity 5035K, committed 5120K, reserved 1048576K
GC Heap History (10 events):
Event: 1.979 GC heap before
{Heap before GC invocations=3 (full 1):
 PSYoungGen      total 76288K, used 10723K [0x00000000e0000000, 0x00000000e5500000, 0x0000000100000000)
  eden space 65536K, 0% used [0x00000000e0000000,0x00000000e0000000,0x00000000e4000000)
  from space 10752K, 99% used [0x00000000e4a80000,0x00000000e54f8f60,0x00000000e5500000)
  to   space 10752K, 0% used [0x00000000e4000000,0x00000000e4000000,0x00000000e4a80000)
 ParOldGen       total 175104K, used 2910K [0x00000000a0000000, 0x00000000aab00000, 0x00000000e0000000)
  object space 175104K, 1% used [0x00000000a0000000,0x00000000a02d78c0,0x00000000aab00000)
 Metaspace       used 20731K, capacity 21102K, committed 21296K, reserved 1067008K
  class space    used 2797K, capacity 2920K, committed 2944K, reserved 1048576K
Event: 2.004 GC heap after
Heap after GC invocations=3 (full 1):
 PSYoungGen      total 76288K, used 0K [0x00000000e0000000, 0x00000000e5500000, 0x0000000100000000)
  eden space 65536K, 0% used [0x00000000e0000000,0x00000000e0000000,0x00000000e4000000)
  from space 10752K, 0% used [0x00000000e4a80000,0x00000000e4a80000,0x00000000e5500000)
  to   space 10752K, 0% used [0x00000000e4000000,0x00000000e4000000,0x00000000e4a80000)
 ParOldGen       total 124928K, used 13089K [0x00000000a0000000, 0x00000000a7a00000, 0x00000000e0000000)
  object space 124928K, 10% used [0x00000000a0000000,0x00000000a0cc86e0,0x00000000a7a00000)
 Metaspace       used 20731K, capacity 21102K, committed 21296K, reserved 1067008K
  class space    used 2797K, capacity 2920K, committed 2944K, reserved 1048576K
}
Event: 2.839 GC heap before
{Heap before GC invocations=4 (full 1):
 PSYoungGen      total 76288K, used 65536K [0x00000000e0000000, 0x00000000e5500000, 0x0000000100000000)
  eden space 65536K, 100% used [0x00000000e0000000,0x00000000e4000000,0x00000000e4000000)
  from space 10752K, 0% used [0x00000000e4a80000,0x00000000e4a80000,0x00000000e5500000)
  to   space 10752K, 0% used [0x00000000e4000000,0x00000000e4000000,0x00000000e4a80000)
 ParOldGen       total 124928K, used 13089K [0x00000000a0000000, 0x00000000a7a00000, 0x00000000e0000000)
  object space 124928K, 10% used [0x00000000a0000000,0x00000000a0cc86e0,0x00000000a7a00000)
 Metaspace       used 26248K, capacity 26806K, committed 27008K, reserved 1073152K
  class space    used 3487K, capacity 3661K, committed 3712K, reserved 1048576K
Event: 2.842 GC heap after
Heap after GC invocations=4 (full 1):
 PSYoungGen      total 76288K, used 6819K [0x00000000e0000000, 0x00000000e6980000, 0x0000000100000000)
  eden space 65536K, 0% used [0x00000000e0000000,0x00000000e0000000,0x00000000e4000000)
  from space 10752K, 63% used [0x00000000e4000000,0x00000000e46a8f38,0x00000000e4a80000)
  to   space 10752K, 0% used [0x00000000e5f00000,0x00000000e5f00000,0x00000000e6980000)
 ParOldGen       total 124928K, used 13097K [0x00000000a0000000, 0x00000000a7a00000, 0x00000000e0000000)
  object space 124928K, 10% used [0x00000000a0000000,0x00000000a0cca6e0,0x00000000a7a00000)
 Metaspace       used 26248K, capacity 26806K, committed 27008K, reserved 1073152K
  class space    used 3487K, capacity 3661K, committed 3712K, reserved 1048576K
}
Event: 3.724 GC heap before
{Heap before GC invocations=5 (full 1):
 PSYoungGen      total 76288K, used 72355K [0x00000000e0000000, 0x00000000e6980000, 0x0000000100000000)
  eden space 65536K, 100% used [0x00000000e0000000,0x00000000e4000000,0x00000000e4000000)
  from space 10752K, 63% used [0x00000000e4000000,0x00000000e46a8f38,0x00000000e4a80000)
  to   space 10752K, 0% used [0x00000000e5f00000,0x00000000e5f00000,0x00000000e6980000)
 ParOldGen       total 124928K, used 13097K [0x00000000a0000000, 0x00000000a7a00000, 0x00000000e0000000)
  object space 124928K, 10% used [0x00000000a0000000,0x00000000a0cca6e0,0x00000000a7a00000)
 Metaspace       used 30269K, capacity 31112K, committed 31360K, reserved 1077248K
  class space    used 4135K, capacity 4413K, committed 4480K, reserved 1048576K
Event: 3.730 GC heap after
Heap after GC invocations=5 (full 1):
 PSYoungGen      total 97280K, used 10722K [0x00000000e0000000, 0x00000000e6a00000, 0x0000000100000000)
  eden space 86528K, 0% used [0x00000000e0000000,0x00000000e0000000,0x00000000e5480000)
  from space 10752K, 99% used [0x00000000e5f00000,0x00000000e69789d8,0x00000000e6980000)
  to   space 10752K, 0% used [0x00000000e5480000,0x00000000e5480000,0x00000000e5f00000)
 ParOldGen       total 124928K, used 13659K [0x00000000a0000000, 0x00000000a7a00000, 0x00000000e0000000)
  object space 124928K, 10% used [0x00000000a0000000,0x00000000a0d56f70,0x00000000a7a00000)
 Metaspace       used 30269K, capacity 31112K, committed 31360K, reserved 1077248K
  class space    used 4135K, capacity 4413K, committed 4480K, reserved 1048576K
}
Event: 4.035 GC heap before
{Heap before GC invocations=6 (full 1):
 PSYoungGen      total 97280K, used 68579K [0x00000000e0000000, 0x00000000e6a00000, 0x0000000100000000)
  eden space 86528K, 66% used [0x00000000e0000000,0x00000000e38805a0,0x00000000e5480000)
  from space 10752K, 99% used [0x00000000e5f00000,0x00000000e69789d8,0x00000000e6980000)
  to   space 10752K, 0% used [0x00000000e5480000,0x00000000e5480000,0x00000000e5f00000)
 ParOldGen       total 124928K, used 13659K [0x00000000a0000000, 0x00000000a7a00000, 0x00000000e0000000)
  object space 124928K, 10% used [0x00000000a0000000,0x00000000a0d56f70,0x00000000a7a00000)
 Metaspace       used 34470K, capacity 35334K, committed 35496K, reserved 1079296K
  class space    used 4628K, capacity 4864K, committed 4864K, reserved 1048576K
Event: 4.044 GC heap after
Heap after GC invocations=6 (full 1):
 PSYoungGen      total 97280K, used 10745K [0x00000000e0000000, 0x00000000e9d00000, 0x0000000100000000)
  eden space 86528K, 0% used [0x00000000e0000000,0x00000000e0000000,0x00000000e5480000)
  from space 10752K, 99% used [0x00000000e5480000,0x00000000e5efe530,0x00000000e5f00000)
  to   space 16384K, 0% used [0x00000000e8d00000,0x00000000e8d00000,0x00000000e9d00000)
 ParOldGen       total 124928K, used 15650K [0x00000000a0000000, 0x00000000a7a00000, 0x00000000e0000000)
  object space 124928K, 12% used [0x00000000a0000000,0x00000000a0f48aa0,0x00000000a7a00000)
 Metaspace       used 34470K, capacity 35334K, committed 35496K, reserved 1079296K
  class space    used 4628K, capacity 4864K, committed 4864K, reserved 1048576K
}
Event: 4.044 GC heap before
{Heap before GC invocations=7 (full 2):
 PSYoungGen      total 97280K, used 10745K [0x00000000e0000000, 0x00000000e9d00000, 0x0000000100000000)
  eden space 86528K, 0% used [0x00000000e0000000,0x00000000e0000000,0x00000000e5480000)
  from space 10752K, 99% used [0x00000000e5480000,0x00000000e5efe530,0x00000000e5f00000)
  to   space 16384K, 0% used [0x00000000e8d00000,0x00000000e8d00000,0x00000000e9d00000)
 ParOldGen       total 124928K, used 15650K [0x00000000a0000000, 0x00000000a7a00000, 0x00000000e0000000)
  object space 124928K, 12% used [0x00000000a0000000,0x00000000a0f48aa0,0x00000000a7a00000)
 Metaspace       used 34470K, capacity 35334K, committed 35496K, reserved 1079296K
  class space    used 4628K, capacity 4864K, committed 4864K, reserved 1048576K
Event: 4.099 GC heap after
Heap after GC invocations=7 (full 2):
 PSYoungGen      total 97280K, used 0K [0x00000000e0000000, 0x00000000e9d00000, 0x0000000100000000)
  eden space 86528K, 0% used [0x00000000e0000000,0x00000000e0000000,0x00000000e5480000)
  from space 10752K, 0% used [0x00000000e5480000,0x00000000e5480000,0x00000000e5f00000)
  to   space 16384K, 0% used [0x00000000e8d00000,0x00000000e8d00000,0x00000000e9d00000)
 ParOldGen       total 124928K, used 19222K [0x00000000a0000000, 0x00000000a7a00000, 0x00000000e0000000)
  object space 124928K, 15% used [0x00000000a0000000,0x00000000a12c5a38,0x00000000a7a00000)
 Metaspace       used 34470K, capacity 35334K, committed 35496K, reserved 1079296K
  class space    used 4628K, capacity 4864K, committed 4864K, reserved 1048576K
}

